Starting a Gradle Daemon, 1 busy and 1 incompatible Daemons could not be reused, use --status for details
Type-safe project accessors is an incubating feature.
Project accessors enabled, but root project name not explicitly set for 'melonDS-android'. Checking out the project in different folders will impact the generated code and implicitly the buildscript classpath, breaking caching.
Project accessors enabled, but root project name not explicitly set for 'buildSrc'. Checking out the project in different folders will impact the generated code and implicitly the buildscript classpath, breaking caching.
> Task :buildSrc:checkKotlinGradlePluginConfigurationErrors SKIPPED
> Task :buildSrc:compileKotlin UP-TO-DATE
> Task :buildSrc:compileJava NO-SOURCE
> Task :buildSrc:compileGroovy NO-SOURCE
> Task :buildSrc:pluginDescriptors UP-TO-DATE
> Task :buildSrc:processResources NO-SOURCE
> Task :buildSrc:classes UP-TO-DATE
> Task :buildSrc:jar UP-TO-DATE
> Task :app:preBuild UP-TO-DATE
> Task :app:preGitHubNightlyDebugBuild UP-TO-DATE
> Task :app:mergeGitHubNightlyDebugNativeDebugMetadata NO-SOURCE
> Task :common:checkKotlinGradlePluginConfigurationErrors SKIPPED
> Task :common:compileKotlin UP-TO-DATE
> Task :common:compileJava NO-SOURCE
> Task :common:processResources NO-SOURCE
> Task :common:classes UP-TO-DATE
> Task :common:jar UP-TO-DATE
> Task :rcheevos-api:checkKotlinGradlePluginConfigurationErrors SKIPPED
> Task :rcheevos-api:compileKotlin UP-TO-DATE
> Task :rcheevos-api:compileJava NO-SOURCE
> Task :rcheevos-api:processResources NO-SOURCE
> Task :rcheevos-api:classes UP-TO-DATE
> Task :rcheevos-api:jar UP-TO-DATE
> Task :app:dataBindingMergeDependencyArtifactsGitHubNightlyDebug UP-TO-DATE
> Task :app:generateGitHubNightlyDebugResources UP-TO-DATE
> Task :masterswitch:preBuild UP-TO-DATE
> Task :masterswitch:preDebugBuild UP-TO-DATE
> Task :masterswitch:generateDebugResources UP-TO-DATE
> Task :masterswitch:packageDebugResources UP-TO-DATE
> Task :app:mergeGitHubNightlyDebugResources UP-TO-DATE
> Task :app:packageGitHubNightlyDebugResources UP-TO-DATE
> Task :masterswitch:processDebugNavigationResources UP-TO-DATE
> Task :app:processGitHubNightlyDebugNavigationResources UP-TO-DATE
> Task :app:parseGitHubNightlyDebugLocalResources UP-TO-DATE
> Task :masterswitch:parseDebugLocalResources UP-TO-DATE
> Task :masterswitch:generateDebugRFile UP-TO-DATE
> Task :app:dataBindingGenBaseClassesGitHubNightlyDebug UP-TO-DATE
> Task :app:generateGitHubNightlyDebugRFile UP-TO-DATE
> Task :masterswitch:compileDebugKotlin UP-TO-DATE
> Task :masterswitch:javaPreCompileDebug UP-TO-DATE
> Task :masterswitch:compileDebugJavaWithJavac NO-SOURCE
> Task :masterswitch:bundleLibCompileToJarDebug UP-TO-DATE
> Task :app:kspGitHubNightlyDebugKotlin UP-TO-DATE
> Task :app:javaPreCompileGitHubNightlyDebug UP-TO-DATE
> Task :app:generateGitHubNightlyDebugAssets UP-TO-DATE
> Task :masterswitch:generateDebugAssets UP-TO-DATE
> Task :masterswitch:mergeDebugAssets UP-TO-DATE
> Task :app:mergeGitHubNightlyDebugAssets UP-TO-DATE
> Task :app:compressGitHubNightlyDebugAssets UP-TO-DATE
> Task :app:generateGitHubNightlyDebugGlobalSynthetics UP-TO-DATE
> Task :app:checkGitHubNightlyDebugDuplicateClasses UP-TO-DATE
> Task :app:desugarGitHubNightlyDebugFileDependencies UP-TO-DATE
> Task :app:mergeExtDexGitHubNightlyDebug UP-TO-DATE
> Task :masterswitch:processDebugJavaRes UP-TO-DATE
> Task :masterswitch:bundleLibRuntimeToDirDebug UP-TO-DATE
> Task :masterswitch:bundleLibRuntimeToJarDebug UP-TO-DATE
> Task :masterswitch:writeDebugAarMetadata UP-TO-DATE
> Task :app:checkGitHubNightlyDebugAarMetadata UP-TO-DATE
> Task :app:mergeLibDexGitHubNightlyDebug UP-TO-DATE
> Task :app:mapGitHubNightlyDebugSourceSetPaths UP-TO-DATE
> Task :app:compileGitHubNightlyDebugNavigationResources UP-TO-DATE
> Task :app:createGitHubNightlyDebugCompatibleScreenManifests UP-TO-DATE
> Task :app:extractDeepLinksGitHubNightlyDebug UP-TO-DATE
> Task :masterswitch:extractDeepLinksDebug UP-TO-DATE
> Task :masterswitch:processDebugManifest UP-TO-DATE
> Task :app:processGitHubNightlyDebugMainManifest UP-TO-DATE
> Task :app:processGitHubNightlyDebugManifest UP-TO-DATE
> Task :app:processGitHubNightlyDebugManifestForPackage UP-TO-DATE
> Task :masterswitch:mapDebugSourceSetPaths UP-TO-DATE
> Task :masterswitch:compileDebugLibraryResources UP-TO-DATE
AAPT2 aapt2-9.2.1-15009934-linux Daemon #0: Unexpected error output: /data/data/com.termux/files/home/.gradle/caches/9.5.0/transforms/9d8d186302d7035c9dfc0b6a70c72d7f/transformed/aapt2-9.2.1-15009934-linux/aapt2: 1: Syntax error: ")" unexpected
AAPT2 aapt2-9.2.1-15009934-linux Daemon #1: Unexpected error output: /data/data/com.termux/files/home/.gradle/caches/9.5.0/transforms/9d8d186302d7035c9dfc0b6a70c72d7f/transformed/aapt2-9.2.1-15009934-linux/aapt2: 1: Syntax error: ")" unexpected
> Task :app:processGitHubNightlyDebugResources FAILED
> Task :app:compileGitHubNightlyDebugKotlin
